<?xml version="1.0" encoding="UTF-8"?>
<!-- Generated by org.testng.reporters.JUnitReportReporter -->
<testsuite hostname="DESKTOP-LI1K35D" failures="0" tests="1" name="EtoE.ValidateNavigationBar" time="0.552" errors="0" timestamp="7 Jul 2021 07:16:03 GMT">
  <testcase classname="EtoE.ValidateNavigationBar" name="basePageNavigation" time="0.552"/>
</testsuite> <!-- EtoE.ValidateNavigationBar -->
