<?xml version="1.0" encoding="UTF-8"?>
<!-- Generated by org.testng.reporters.JUnitReportReporter -->
<testsuite hostname="DESKTOP-LI1K35D" failures="0" tests="1" name="EtoE.ValidateTitle" time="2.521" errors="0" timestamp="7 Jul 2021 07:43:20 GMT">
  <testcase classname="EtoE.ValidateTitle" name="basePageNavigation" time="2.521"/>
</testsuite> <!-- EtoE.ValidateTitle -->
