<?xml version="1.0" encoding="UTF-8"?>
<!-- Generated by org.testng.reporters.JUnitReportReporter -->
<testsuite hostname="DESKTOP-LI1K35D" failures="0" tests="2" name="EtoE.HomePage" time="44.345" errors="0" timestamp="7 Jul 2021 07:43:20 GMT">
  <testcase classname="EtoE.HomePage" name="basePageNavigation" time="5.025"/>
  <testcase classname="EtoE.HomePage" name="basePageNavigation" time="39.320"/>
</testsuite> <!-- EtoE.HomePage -->
